SMTP connect() failed. https://github.com/PHPMailer/PHPMailer/wiki/Troubleshooting
mlutegar@gmail.com
2022-07-11 01:16

SMTP connect() failed. https://github.com/PHPMailer/PHPMailer/wiki/Troubleshooting
mlutegar@gmail.com
2022-07-11 01:43

Email enviado: mlutegar@gmail.com - 2022-07-11 01:49

Email enviado: mlutegar@gmail.com - 2022-07-11 01:51

Email enviado: mlutegar@gmail.com - 2022-07-11 01:52

Email enviado: mlutegar@gmail.com - 2022-07-11 01:54

You must provide at least one recipient email address.

2022-07-11 01:56

You must provide at least one recipient email address.

2022-07-11 01:56

You must provide at least one recipient email address.

2022-07-11 01:56

You must provide at least one recipient email address.
as
2022-07-11 01:57

Email enviado: mlutegar@gmail.com - 2022-07-11 05:01

Email enviado: mlutegar@gmail.com - 2022-07-11 05:01

Email enviado: pameladorsi@gmail.com - 2022-07-11 17:22

